[2022-09-12T13:53:30.607986+00:00] blog.INFO: Create user command started [] []
[2022-09-12T13:53:30.623415+00:00] blog.INFO: User created: d296c20f-6cdd-4f49-b1eb-1c1689dd3658 [] []
[2022-09-12T14:00:50.984785+00:00] blog.INFO: Create user command started [] []
[2022-09-12T14:08:19.474356+00:00] blog.INFO: Create user command started [] []
[2022-09-12T15:21:06.131997+00:00] blog.INFO: User created successfully: fb46c8ca-47cd-457d-be90-77268fc9e829 [] []
[2022-09-12T15:26:13.052713+00:00] blog.INFO: User created successfully: dcbf25ca-55f2-4022-8359-040e1c65c1c4 [] []
[2022-09-12T16:18:56.410362+00:00] blog.INFO: User created successfully: 68c0af5e-fec5-4c76-9d83-c3b1e0367bd4 [] []
[2022-09-12T17:40:28.212960+00:00] blog.WARNING: Cannot find user: Den8 [] []
[2022-09-12T17:55:07.266608+00:00] blog.INFO: Create user command started [] []
[2022-09-12T17:55:07.270499+00:00] blog.WARNING: User already exists: user123 [] []
[2022-09-12T17:55:44.052238+00:00] blog.INFO: Post created successfully: f48a3694-2a5f-4993-bf30-0d2376c77433 [] []
[2022-09-12T20:22:15.929387+00:00] blog.INFO: Create user command started [] []
[2022-09-12T20:22:15.931795+00:00] blog.WARNING: Cannot find user: user234 [] []
[2022-09-12T20:22:25.160327+00:00] blog.INFO: Create user command started [] []
[2022-09-12T20:22:25.164711+00:00] blog.WARNING: Cannot find user: user234 [] []
[2022-09-12T20:22:41.128450+00:00] blog.INFO: Create user command started [] []
[2022-09-12T20:22:41.130829+00:00] blog.WARNING: Cannot find user: user234 [] []
[2022-09-12T20:22:41.143997+00:00] blog.INFO: User created successfully: 9519ee9a-518a-44bb-af7d-4b663bcb9c70 [] []
[2022-09-12T20:22:41.144469+00:00] blog.INFO: User created: 9519ee9a-518a-44bb-af7d-4b663bcb9c70 [] []
[2022-09-12T20:25:31.234177+00:00] blog.INFO: Create user command started [] []
[2022-09-12T20:25:31.236553+00:00] blog.WARNING: Cannot find user: user1 [] []
[2022-09-12T20:25:31.249293+00:00] blog.INFO: User created successfully: d4dfece0-92fb-433f-81b1-3bc5370e89e8 [] []
[2022-09-12T20:25:31.249809+00:00] blog.INFO: User created: d4dfece0-92fb-433f-81b1-3bc5370e89e8 [] []
[2022-09-12T20:34:01.606084+00:00] blog.WARNING: Cannot find user: user4 [] []
[2022-09-14T11:10:21.352289+00:00] blog.INFO: User created successfully: 1ab4a1eb-7e45-484a-9e62-c6ebce24c84d [] []
[2022-09-14T11:13:45.941263+00:00] blog.INFO: User created successfully: 70400bb8-716e-40c3-a142-2ebf705fce1e [] []
[2022-09-14T11:31:16.980951+00:00] blog.NOTICE: Route not found: POST /comments/create [] []
[2022-09-14T11:47:15.623568+00:00] blog.INFO: Post created successfully: 816b61f5-f935-44ca-8f0c-035f44380928 [] []
[2022-09-14T11:47:15.627123+00:00] blog.INFO: Post created: 816b61f5-f935-44ca-8f0c-035f44380928 [] []
[2022-09-14T11:48:00.145044+00:00] blog.INFO: Post created successfully: aef7e04f-7556-45f6-9d62-1cc229c0ee32 [] []
[2022-09-14T11:48:00.148825+00:00] blog.INFO: Post created: aef7e04f-7556-45f6-9d62-1cc229c0ee32 [] []
[2022-09-14T11:52:18.192168+00:00] blog.INFO: Post created successfully: 576d5cd8-e8f7-4ff2-b36a-6a44b2587189 [] []
[2022-09-14T11:52:18.195269+00:00] blog.INFO: Post created: 576d5cd8-e8f7-4ff2-b36a-6a44b2587189 [] []
[2022-09-14T11:52:20.778888+00:00] blog.INFO: Post created successfully: 992c4c66-0999-4cb7-90e1-252b14799649 [] []
[2022-09-14T11:52:20.780633+00:00] blog.INFO: Post created: 992c4c66-0999-4cb7-90e1-252b14799649 [] []
[2022-09-14T11:53:05.583594+00:00] blog.INFO: Post created successfully: fd00864b-8696-4430-b43e-cf673a819a3f [] []
[2022-09-14T11:53:12.913394+00:00] blog.INFO: Post created successfully: 75d93a65-a1a6-4ea0-b59d-0d2af26b3b13 [] []
[2022-09-14T11:53:13.969341+00:00] blog.INFO: Post created successfully: 795a254b-d32c-4a6b-9ad6-ad734eca3c05 [] []
[2022-09-14T11:53:23.162863+00:00] blog.INFO: Post created successfully: 2056ea62-b20a-49db-ac9d-d4c1d0afe792 [] []
[2022-09-14T11:57:16.542154+00:00] blog.INFO: Like created successfully: b3ff60a3-eb97-4ff9-a12b-faed878daf16 [] []
